<?xml version="1.0" encoding="UTF-8"?>
<!-- Generated by org.testng.reporters.JUnitXMLReporter -->
<testsuite hostname="DESKTOP-PC10OC5" name="Command line test" tests="3" failures="0" timestamp="2 Dec 2020 15:30:34 GMT" time="16.26" errors="0">
  <testcase name="runScenario" time="10.914" classname="com.paylocity.automation.runner.Employee_Test"/>
  <testcase name="runScenario" time="1.998" classname="com.paylocity.automation.runner.Employee_Test"/>
  <testcase name="runScenario" time="2.295" classname="com.paylocity.automation.runner.Employee_Test"/>
</testsuite> <!-- Command line test -->
